#
# A fatal error has been detected by the Java Runtime Environment:
#
#  EXCEPTION_ACCESS_VIOLATION (0xc0000005) at pc=0x000000006c67c667, pid=5124, tid=0x0000000000002a24
#
# JRE version: Java(TM) SE Runtime Environment (8.0_121-b13) (build 1.8.0_121-b13)
# Java VM: Java HotSpot(TM) 64-Bit Server VM (25.121-b13 mixed mode windows-amd64 compressed oops)
# Problematic frame:
# V  [jvm.dll+0x14c667]
#
# Failed to write core dump. Minidumps are not enabled by default on client versions of Windows
#
# If you would like to submit a bug report, please visit:
#   http://bugreport.java.com/bugreport/crash.jsp
#

---------------  T H R E A D  ---------------

Current thread (0x0000000001c78800):  JavaThread "main" [_thread_in_vm, id=10788, stack(0x0000000002800000,0x0000000002900000)]

siginfo: ExceptionCode=0xc0000005, reading address 0x0000000000000000

Registers:
RAX=0x0000000000000000, RBX=0x0000000001c78800, RCX=0x0000000001c78800, RDX=0x00000000d5a23aa0
RSP=0x00000000028feb60, RBP=0x00000000028fec58, RSI=0x00000000028fed30, RDI=0x0000000001c789f8
R8 =0x0000000000000000, R9 =0x000000000000007b, R10=0x0000000000000000, R11=0x0000000000000200
R12=0x0000000000000000, R13=0x0000000056fe2df0, R14=0x00000000028fed30, R15=0x0000000001c78800
RIP=0x000000006c67c667, EFLAGS=0x0000000000010246

Top of Stack: (sp=0x00000000028feb60)
0x00000000028feb60:   0000000000000000 000000006c66b576
0x00000000028feb70:   0000000062d451b7 000000006c68e860
0x00000000028feb80:   0000000058c403f0 0000000057573e50
0x00000000028feb90:   0000000000000000 000000006c67711a
0x00000000028feba0:   0000000062d451b7 000000000000000c
0x00000000028febb0:   00000000c8809529 0000000001c78800
0x00000000028febc0:   0000000001dcfd20 000000000000062d
0x00000000028febd0:   000000006cb35d60 000000006c68e9df
0x00000000028febe0:   0000000001c78800 00000000ea94391b
0x00000000028febf0:   0000000057573e50 0000000062d451b7
0x00000000028fec00:   0000000001c78800 0000000000000000
0x00000000028fec10:   0000000001c78800 0000000000000000
0x00000000028fec20:   0000000000000018 00000000028fec90
0x00000000028fec30:   0000000056fe2df0 0000000062d41ac5
0x00000000028fec40:   0000000056fe2df0 00000000028fec90
0x00000000028fec50:   0000000000000000 000000000000007b 

Instructions: (pc=0x000000006c67c667)
0x000000006c67c647:   4c 24 58 e8 71 f3 12 00 48 8b 84 24 f0 00 00 00
0x000000006c67c657:   c7 44 24 48 0c 00 00 00 48 8d ac 24 f8 00 00 00
0x000000006c67c667:   48 8b 08 48 89 6c 24 40 48 8b 51 08 48 8d 4c 24
0x000000006c67c677:   78 0f b7 42 24 48 8b 52 08 48 8b 54 c2 50 e8 e6 


Register to memory mapping:

RAX=0x0000000000000000 is an unknown value
RBX=0x0000000001c78800 is a thread
RCX=0x0000000001c78800 is a thread
RDX=0x00000000d5a23aa0 is an oop
java.lang.NoSuchMethodError 
 - klass: 'java/lang/NoSuchMethodError'
RSP=0x00000000028feb60 is pointing into the stack for thread: 0x0000000001c78800
RBP=0x00000000028fec58 is pointing into the stack for thread: 0x0000000001c78800
RSI=0x00000000028fed30 is pointing into the stack for thread: 0x0000000001c78800
RDI=0x0000000001c789f8 is an unknown value
R8 =0x0000000000000000 is an unknown value
R9 =0x000000000000007b is an unknown value
R10=0x0000000000000000 is an unknown value
R11=0x0000000000000200 is an unknown value
R12=0x0000000000000000 is an unknown value
R13={method} {0x0000000056fe2df8} 'callParentMethod' '()Ljava/util/Date;' in 'com/wzf/ndkstudy/jni/HelloJNI'
R14=0x00000000028fed30 is pointing into the stack for thread: 0x0000000001c78800
R15=0x0000000001c78800 is a thread


Stack: [0x0000000002800000,0x0000000002900000],  sp=0x00000000028feb60,  free space=1018k
Native frames: (J=compiled Java code, j=interpreted, Vv=VM code, C=native code)
V  [jvm.dll+0x14c667]
C  [HelloJNI.dll+0x1ac5]
C  0x0000000002917f54

Java frames: (J=compiled Java code, j=interpreted, Vv=VM code)
j  com.wzf.ndkstudy.jni.HelloJNI.callParentMethod()Ljava/util/Date;+0
j  com.wzf.ndkstudy.jni.Main.main([Ljava/lang/String;)V+19
v  ~StubRoutines::call_stub
j  sun.reflect.NativeMethodAccessorImpl.invoke0(Ljava/lang/reflect/Method;Ljava/lang/Object;[Ljava/lang/Object;)Ljava/lang/Object;+0
j  sun.reflect.NativeMethodAccessorImpl.invoke(Ljava/lang/Object;[Ljava/lang/Object;)Ljava/lang/Object;+100
j  sun.reflect.DelegatingMethodAccessorImpl.invoke(Ljava/lang/Object;[Ljava/lang/Object;)Ljava/lang/Object;+6
j  java.lang.reflect.Method.invoke(Ljava/lang/Object;[Ljava/lang/Object;)Ljava/lang/Object;+56
j  com.intellij.rt.execution.application.AppMain.main([Ljava/lang/String;)V+180
v  ~StubRoutines::call_stub

---------------  P R O C E S S  ---------------

Java Threads: ( => current thread )
  0x0000000058c46800 JavaThread "Monitor Ctrl-Break" daemon [_thread_in_native, id=13196, stack(0x0000000059880000,0x0000000059980000)]
  0x0000000058b65800 JavaThread "Service Thread" daemon [_thread_blocked, id=6672, stack(0x0000000059670000,0x0000000059770000)]
  0x0000000058ae5800 JavaThread "C1 CompilerThread2" daemon [_thread_blocked, id=9724, stack(0x0000000059520000,0x0000000059620000)]
  0x0000000058ae4000 JavaThread "C2 CompilerThread1" daemon [_thread_blocked, id=12264, stack(0x0000000059420000,0x0000000059520000)]
  0x0000000058ae0800 JavaThread "C2 CompilerThread0" daemon [_thread_blocked, id=1684, stack(0x0000000059270000,0x0000000059370000)]
  0x00000000575d1800 JavaThread "Attach Listener" daemon [_thread_blocked, id=9512, stack(0x00000000584f0000,0x00000000585f0000)]
  0x00000000575d1000 JavaThread "Signal Dispatcher" daemon [_thread_blocked, id=10656, stack(0x0000000058f90000,0x0000000059090000)]
  0x00000000575bd000 JavaThread "Finalizer" daemon [_thread_blocked, id=13280, stack(0x00000000589c0000,0x0000000058ac0000)]
  0x0000000057576000 JavaThread "Reference Handler" daemon [_thread_blocked, id=5820, stack(0x00000000587f0000,0x00000000588f0000)]
=>0x0000000001c78800 JavaThread "main" [_thread_in_vm, id=10788, stack(0x0000000002800000,0x0000000002900000)]

Other Threads:
  0x000000005756f000 VMThread [stack: 0x0000000058670000,0x0000000058770000] [id=3564]
  0x0000000058ba7800 WatcherThread [stack: 0x00000000590e0000,0x00000000591e0000] [id=12376]

VM state:not at safepoint (normal execution)

VM Mutex/Monitor currently owned by a thread: None

Heap:
 PSYoungGen      total 38400K, used 2662K [0x00000000d5900000, 0x00000000d8380000, 0x0000000100000000)
  eden space 33280K, 8% used [0x00000000d5900000,0x00000000d5b99ab8,0x00000000d7980000)
  from space 5120K, 0% used [0x00000000d7e80000,0x00000000d7e80000,0x00000000d8380000)
  to   space 5120K, 0% used [0x00000000d7980000,0x00000000d7980000,0x00000000d7e80000)
 ParOldGen       total 87552K, used 0K [0x0000000080a00000, 0x0000000085f80000, 0x00000000d5900000)
  object space 87552K, 0% used [0x0000000080a00000,0x0000000080a00000,0x0000000085f80000)
 Metaspace       used 3385K, capacity 4500K, committed 4864K, reserved 1056768K
  class space    used 376K, capacity 388K, committed 512K, reserved 1048576K

Card table byte_map: [0x0000000011cc0000,0x00000000120c0000] byte_map_base: 0x00000000118bb000

Marking Bits: (ParMarkBitMap*) 0x000000006cd4b6d0
 Begin Bits: [0x0000000012830000, 0x0000000014808000)
 End Bits:   [0x0000000014808000, 0x00000000167e0000)

Polling page: 0x0000000000130000

CodeCache: size=245760Kb used=1180Kb max_used=1187Kb free=244579Kb
 bounds [0x0000000002900000, 0x0000000002b70000, 0x0000000011900000]
 total_blobs=315 nmethods=66 adapters=162
 compilation: enabled

Compilation events (10 events):
Event: 0.097 Thread 0x0000000058ae5800 nmethod 62 0x0000000002a24ad0 code [0x0000000002a24ca0, 0x0000000002a25628]
Event: 0.097 Thread 0x0000000058ae5800   63       3       java.lang.String::startsWith (7 bytes)
Event: 0.097 Thread 0x0000000058ae5800 nmethod 63 0x0000000002a21690 code [0x0000000002a21800, 0x0000000002a21a08]
Event: 0.097 Thread 0x0000000058ae5800   64       3       java.lang.String::toCharArray (25 bytes)
Event: 0.097 Thread 0x0000000058ae5800 nmethod 64 0x0000000002a26e10 code [0x0000000002a26f80, 0x0000000002a27208]
Event: 0.097 Thread 0x0000000058ae5800   65       1       java.net.URL::getHost (5 bytes)
Event: 0.097 Thread 0x0000000058ae5800 nmethod 65 0x0000000002a28b90 code [0x0000000002a28ce0, 0x0000000002a28df0]
Event: 0.097 Thread 0x0000000058ae0800 nmethod 59 0x0000000002a28e50 code [0x0000000002a28fa0, 0x0000000002a29138]
Event: 0.097 Thread 0x0000000058ae5800   66       1       java.net.URL::getRef (5 bytes)
Event: 0.097 Thread 0x0000000058ae5800 nmethod 66 0x0000000002a26b50 code [0x0000000002a26ca0, 0x0000000002a26db0]

GC Heap History (0 events):
No events

Deoptimization events (0 events):
No events

Internal exceptions (3 events):
Event: 0.025 Thread 0x0000000001c78800 Exception <a 'java/lang/NoSuchMethodError': Method sun.misc.Unsafe.defineClass(Ljava/lang/String;[BII)Ljava/lang/Class; name or signature does not match> (0x00000000d5907ca8) thrown at [C:\re\workspace\8-2-build-windows-amd64-cygwin\jdk8u121\8372\hotspot\
Event: 0.025 Thread 0x0000000001c78800 Exception <a 'java/lang/NoSuchMethodError': Method sun.misc.Unsafe.prefetchRead(Ljava/lang/Object;J)V name or signature does not match> (0x00000000d5907f90) thrown at [C:\re\workspace\8-2-build-windows-amd64-cygwin\jdk8u121\8372\hotspot\src\share\vm\prims
Event: 0.098 Thread 0x0000000001c78800 Exception <a 'java/lang/NoSuchMethodError': printFormParent> (0x00000000d5a23aa0) thrown at [C:\re\workspace\8-2-build-windows-amd64-cygwin\jdk8u121\8372\hotspot\src\share\vm\prims\jni.cpp, line 1581]

Events (10 events):
Event: 0.098 loading class sun/misc/FloatingDecimal$1
Event: 0.098 loading class sun/misc/FloatingDecimal$1 done
Event: 0.098 loading class sun/misc/FloatingDecimal$PreparedASCIIToBinaryBuffer
Event: 0.098 loading class sun/misc/FloatingDecimal$ASCIIToBinaryConverter
Event: 0.098 loading class sun/misc/FloatingDecimal$ASCIIToBinaryConverter done
Event: 0.098 loading class sun/misc/FloatingDecimal$PreparedASCIIToBinaryBuffer done
Event: 0.098 loading class sun/misc/FloatingDecimal$ASCIIToBinaryBuffer
Event: 0.098 loading class sun/misc/FloatingDecimal$ASCIIToBinaryBuffer done
Event: 0.098 loading class java/net/DualStackPlainSocketImpl
Event: 0.098 loading class java/net/DualStackPlainSocketImpl done


Dynamic libraries:
0x000000013f460000 - 0x000000013f497000 	C:\Program Files\Java\jdk1.8.0_121\bin\java.exe
0x0000000076e50000 - 0x0000000076ffa000 	C:\windows\SYSTEM32\ntdll.dll
0x0000000076c30000 - 0x0000000076d4f000 	C:\windows\system32\kernel32.dll
0x000007fefce50000 - 0x000007fefcebb000 	C:\windows\system32\KERNELBASE.dll
0x000007feff060000 - 0x000007feff13b000 	C:\windows\system32\ADVAPI32.dll
0x000007fefd720000 - 0x000007fefd7bf000 	C:\windows\system32\msvcrt.dll
0x000007feff140000 - 0x000007feff15f000 	C:\windows\SYSTEM32\sechost.dll
0x000007fefdb00000 - 0x000007fefdc2d000 	C:\windows\system32\RPCRT4.dll
0x0000000076d50000 - 0x0000000076e4a000 	C:\windows\system32\USER32.dll
0x000007fefd5e0000 - 0x000007fefd647000 	C:\windows\system32\GDI32.dll
0x000007fefd220000 - 0x000007fefd22e000 	C:\windows\system32\LPK.dll
0x000007fefd650000 - 0x000007fefd71a000 	C:\windows\system32\USP10.dll
0x000007fefb820000 - 0x000007fefba14000 	C:\windows\WinSxS\amd64_microsoft.windows.common-controls_6595b64144ccf1df_6.0.7601.17514_none_fa396087175ac9ac\COMCTL32.dll
0x000007fefd340000 - 0x000007fefd3b1000 	C:\windows\system32\SHLWAPI.dll
0x000007fefddb0000 - 0x000007fefddde000 	C:\windows\system32\IMM32.DLL
0x000007fefd230000 - 0x000007fefd339000 	C:\windows\system32\MSCTF.dll
0x0000000072970000 - 0x0000000072a42000 	C:\Program Files\Java\jdk1.8.0_121\jre\bin\msvcr100.dll
0x000000006c530000 - 0x000000006cdcb000 	C:\Program Files\Java\jdk1.8.0_121\jre\bin\server\jvm.dll
0x000007fef7ec0000 - 0x000007fef7ec9000 	C:\windows\system32\WSOCK32.dll
0x000007fefd170000 - 0x000007fefd1bd000 	C:\windows\system32\WS2_32.dll
0x000007fefde80000 - 0x000007fefde88000 	C:\windows\system32\NSI.dll
0x000007fefac70000 - 0x000007fefacab000 	C:\windows\system32\WINMM.dll
0x000007fefbee0000 - 0x000007fefbeec000 	C:\windows\system32\VERSION.dll
0x0000000077010000 - 0x0000000077017000 	C:\windows\system32\PSAPI.DLL
0x0000000072960000 - 0x000000007296f000 	C:\Program Files\Java\jdk1.8.0_121\jre\bin\verify.dll
0x000000006dca0000 - 0x000000006dcc9000 	C:\Program Files\Java\jdk1.8.0_121\jre\bin\java.dll
0x000000006dc80000 - 0x000000006dc96000 	C:\Program Files\Java\jdk1.8.0_121\jre\bin\zip.dll
0x000007fefe2d0000 - 0x000007feff059000 	C:\windows\system32\SHELL32.dll
0x000007fefd7c0000 - 0x000007fefd9c3000 	C:\windows\system32\ole32.dll
0x000007fefcda0000 - 0x000007fefcdaf000 	C:\windows\system32\profapi.dll
0x000007fef7e60000 - 0x000007fef7e6f000 	D:\soft\android-studio-2.2.2\bin\breakgen64.dll
0x000000006dc60000 - 0x000000006dc7a000 	C:\Program Files\Java\jdk1.8.0_121\jre\bin\net.dll
0x000007fefc610000 - 0x000007fefc665000 	C:\windows\system32\mswsock.dll
0x000007fefc600000 - 0x000007fefc607000 	C:\windows\System32\wship6.dll
0x0000000062d40000 - 0x0000000062d54000 	D:\androidDemo\NdkStudy\app\libs\HelloJNI.dll
0x000007fef87c0000 - 0x000007fef88e5000 	C:\windows\system32\dbghelp.dll

VM Arguments:
jvm_args: -Djava.library.path=D:\androidDemo\NdkStudy\app\libs -Didea.launcher.port=7532 -Didea.launcher.bin.path=D:\soft\android-studio-2.2.2\bin -Dfile.encoding=UTF-8 
java_command: com.intellij.rt.execution.application.AppMain com.wzf.ndkstudy.jni.Main
java_class_path (initial): D:\sdk\platforms\android-25\android.jar;D:\sdk\platforms\android-25\data\res;D:\androidDemo\NdkStudy\app\build\intermediates\classes\debug;D:\androidDemo\NdkStudy\app\build\intermediates\exploded-aar\com.android.support\support-core-ui\25.3.1\res;D:\androidDemo\NdkStudy\app\build\intermediates\exploded-aar\com.android.support\support-core-ui\25.3.1\jars\classes.jar;D:\androidDemo\NdkStudy\app\build\intermediates\exploded-aar\com.android.support\support-v4\25.3.1\jars\classes.jar;D:\androidDemo\NdkStudy\app\build\intermediates\exploded-aar\com.android.support\support-v4\25.3.1\res;D:\androidDemo\NdkStudy\app\build\intermediates\exploded-aar\com.android.support\support-media-compat\25.3.1\jars\classes.jar;D:\androidDemo\NdkStudy\app\build\intermediates\exploded-aar\com.android.support\support-media-compat\25.3.1\res;D:\sdk\extras\android\m2repository\com\android\support\support-annotations\25.3.1\support-annotations-25.3.1.jar;D:\androidDemo\NdkStudy\app\build\intermediates\exploded-aar\com.android.support\appcompat-v7\25.3.1\res;D:\androidDemo\NdkStudy\app\build\intermediates\exploded-aar\com.android.support\appcompat-v7\25.3.1\jars\classes.jar;D:\androidDemo\NdkStudy\app\build\intermediates\exploded-aar\com.android.support\support-vector-drawable\25.3.1\res;D:\androidDemo\NdkStudy\app\build\intermediates\exploded-aar\com.android.support\support-vector-drawable\25.3.1\jars\classes.jar;D:\androidDemo\NdkStudy\app\build\intermediates\exploded-aar\com.android.support\support-compat\25.3.1\res;D:\androidDemo\NdkStudy\app\build\intermediates\exploded-aar\com.android.support\support-compat\25.3.1\jars\classes.jar;D:\androidDemo\NdkStudy\app\build\intermediates\exploded-aar\com.android.support\support-core-utils\25.3.1\jars\classes.jar;D:\androidDemo\NdkStudy\app\build\intermediates\exploded-aar\com.android.support\support-core-utils\25.3.1\res;D:\androidDemo\NdkStudy\app\build\intermediates\exploded-aar\com.android.support\support-fragment\25.3
Launcher Type: SUN_STANDARD

Environment Variables:
JAVA_HOME=C:\Program Files\Java\jdk1.8.0_121
PATH=C:\windows\system32;C:\windows;C:\windows\System32\Wbem;C:\windows\System32\WindowsPowerShell\v1.0\;C:\Program Files (x86)\NVIDIA Corporation\PhysX\Common;C:\Program Files\Java\jdk1.8.0_121\bin;C:\Program Files\TortoiseSVN\bin;D:\sdk\platform-tools;D:\sdk\tools;E:/IntelliJ IDEA 14.0.2/gradle/gradle-2.8\bin;D:\soft\android-ndk-r14b;E:\MinGw\bin
USERNAME=Administrator
OS=Windows_NT
PROCESSOR_IDENTIFIER=Intel64 Family 6 Model 94 Stepping 3, GenuineIntel



---------------  S Y S T E M  ---------------

OS: Windows 7 , 64 bit Build 7601 (6.1.7601.19135)

CPU:total 4 (4 cores per cpu, 1 threads per core) family 6 model 94 stepping 3, cmov, cx8, fxsr, mmx, sse, sse2, sse3, ssse3, sse4.1, sse4.2, popcnt, avx, avx2, aes, clmul, erms, rtm, 3dnowpref, lzcnt, tsc, tscinvbit, bmi1, bmi2, adx

Memory: 4k page, physical 8339624k(2972900k free), swap 16677412k(7267288k free)

vm_info: Java HotSpot(TM) 64-Bit Server VM (25.121-b13) for windows-amd64 JRE (1.8.0_121-b13), built on Dec 12 2016 18:21:36 by "java_re" with MS VC++ 10.0 (VS2010)

time: Tue Jun 27 18:14:04 2017
elapsed time: 0 seconds (0d 0h 0m 0s)

